<?xml version="1.0" encoding="UTF-8"?>
<!-- Generated by org.testng.reporters.JUnitReportReporter -->
<testsuite skipped="0" hostname="2013-20656565" name="cn.lu.LUAutoSpace.Test1" tests="1" failures="0" timestamp="12 十二月 2017 04:53:35 GMT" time="0.402" errors="0">
  <testcase name="f" time="0.402" classname="cn.lu.LUAutoSpace.Test1"/>
</testsuite> <!-- cn.lu.LUAutoSpace.Test1 -->
