<?xml version="1.0" encoding="UTF-8"?>
<!-- Generated by org.testng.reporters.JUnitReportReporter -->
<testsuite skipped="0" hostname="2013-20656565" name="com.lu.LUAutoSpace.huizhitong.AddUser" tests="2" failures="0" timestamp="15 十二月 2017 08:25:01 GMT" time="1.505" errors="0">
  <testcase name="addVolunteerTestDB2" time="0.874" classname="com.lu.LUAutoSpace.huizhitong.AddUser"/>
  <testcase name="addVolunteerTestDB" time="0.631" classname="com.lu.LUAutoSpace.huizhitong.AddUser"/>
</testsuite> <!-- com.lu.LUAutoSpace.huizhitong.AddUser -->
