<?xml version="1.0" encoding="UTF-8"?>
<!-- Generated by org.testng.reporters.JUnitReportReporter -->
<testsuite skipped="0" hostname="2013-20656565" name="com.lu.LUAutoSpace.huizhitong.TestMoney" tests="1" failures="0" timestamp="18 十二月 2017 09:56:21 GMT" time="0.439" errors="0">
  <testcase name="test" time="0.439" classname="com.lu.LUAutoSpace.huizhitong.TestMoney"/>
</testsuite> <!-- com.lu.LUAutoSpace.huizhitong.TestMoney -->
