<?xml version="1.0" encoding="UTF-8"?>
<!-- Generated by org.testng.reporters.JUnitReportReporter -->
<testsuite skipped="0" hostname="2013-20656565" name="com.lu.LUAutoSpace.BUYSELF_MAX_LIMIT" tests="1" failures="0" timestamp="13 十二月 2017 01:03:46 GMT" time="0.012" errors="0">
  <testcase name="test1" time="0.012" classname="com.lu.LUAutoSpace.BUYSELF_MAX_LIMIT"/>
</testsuite> <!-- com.lu.LUAutoSpace.BUYSELF_MAX_LIMIT -->
