<?xml version="1.0" encoding="UTF-8"?>
<!-- Generated by org.testng.reporters.JUnitReportReporter -->
<testsuite skipped="0" hostname="DESKTOP-I9T4OEH" name="com.lu.LUAutoSpace.huizhitong.TestMoney" tests="1" failures="0" timestamp="18 十二月 2017 14:32:34 GMT" time="0.499" errors="0">
  <testcase name="test" time="0.499" classname="com.lu.LUAutoSpace.huizhitong.TestMoney"/>
</testsuite> <!-- com.lu.LUAutoSpace.huizhitong.TestMoney -->
